2025-07-25 11:07:26,262 - INFO - info:67 - Initializing LBP Manager
2025-07-25 11:07:27,392 - INFO - console_info:80 - CONSOLE: 


------- Study Initialization: 'test' -------

2025-07-25 11:07:27,392 - INFO - info:67 - Folder navigator initialized for study 'test'
2025-07-25 11:07:27,392 - INFO - info:67 - Loading configuration from config.yaml file
2025-07-25 11:07:27,412 - INFO - info:67 - Loaded configuration with 2 evaluation models, 0 prediction models, 0 calibration models, and 5 system settings
2025-07-25 11:07:27,412 - INFO - info:67 - System defaults: debug_mode=False, visualize_flag=False, round_digits=3
2025-07-25 11:07:27,413 - INFO - info:67 - Study record retrieved from database
2025-07-25 11:07:27,414 - INFO - info:67 - Loading performance mapping from stored configuration
2025-07-25 11:07:27,417 - DEBUG - debug:63 - Loaded evaluation class 'PathDeviationEvaluation' for performance code 'path_deviation'
2025-07-25 11:07:27,418 - DEBUG - debug:63 - Loaded evaluation class 'EnergyConsumption' for performance code 'energy_consumption'
2025-07-25 11:07:27,419 - INFO - info:67 - Adding 'PathDeviationEvaluation' model to evaluate performance 'path_deviation'
2025-07-25 11:07:27,420 - INFO - info:67 - Adding 'EnergyConsumption' model to evaluate performance 'energy_consumption'
2025-07-25 11:07:27,420 - INFO - info:67 - Adding feature model instance 'PathDeviationFeature' to evaluation model 'PathDeviationEvaluation'
2025-07-25 11:07:27,420 - INFO - info:67 - Adding feature model instance 'EnergyFeature' to evaluation model 'EnergyConsumption'
2025-07-25 11:07:27,421 - INFO - console_summary:99 - CONSOLE SUMMARY:

Loaded 2 performance attributes, 2 evaluation models and 2 feature models.

Performance Code     Evaluation Model     Feature Model       
path_deviation       PathDeviationEvaluation PathDeviationFeature
energy_consumption   EnergyConsumption    EnergyFeature       

2025-07-25 11:07:27,421 - INFO - console_success:85 - CONSOLE SUCCESS: 

Successfully initialized evaluation system of study 'test'.

