2025-11-26 17:04:55,914 - INFO - info:49 - Added prediction model for feature 'energy'
2025-11-26 17:04:55,916 - INFO - console_info:62 - CONSOLE: 

Starting prediction model training...

2025-11-26 17:04:55,916 - INFO - info:49 - Extracting training data from dataset...
2025-11-26 17:04:55,917 - INFO - info:49 - Fitting normalization on 72 training experiments...
2025-11-26 17:04:55,919 - INFO - info:49 - Training model for 'energy' on 72 experiments...
2025-11-26 17:04:55,919 - INFO - info:49 - Fitted: y = 0.278*x1 + 0.421*x2 + -2.276
2025-11-26 17:04:55,919 - INFO - console_info:62 - CONSOLE: 

✓ Trained model for 'energy'

2025-11-26 17:04:55,919 - INFO - console_success:67 - CONSOLE SUCCESS: 

Training complete: 1/1 models trained

2025-11-26 17:04:55,919 - INFO - console_info:62 - CONSOLE: 

Validating models on val set...

2025-11-26 17:04:55,920 - INFO - info:49 - Evaluating 1 models on 8 experiments...
2025-11-26 17:04:55,920 - INFO - console_info:62 - CONSOLE: 

  energy: MAE=0.3584, RMSE=0.4082, R²=0.9893

2025-11-26 17:04:55,920 - INFO - console_success:67 - CONSOLE SUCCESS: 

Validation complete on val set (8 experiments)

2025-11-26 17:04:55,920 - INFO - console_info:62 - CONSOLE: 

Validating models on test set...

2025-11-26 17:04:55,920 - INFO - info:49 - Evaluating 1 models on 20 experiments...
2025-11-26 17:04:55,921 - INFO - console_info:62 - CONSOLE: 

  energy: MAE=0.2843, RMSE=0.3436, R²=0.9979

2025-11-26 17:04:55,921 - INFO - console_success:67 - CONSOLE SUCCESS: 

Validation complete on test set (20 experiments)

